
> edgaze-prod@1.0.0 test /Users/arjunkuttikkat/Documents/edgaze-prod
> vitest run -- src/server/flow-v2/node-worker.test.ts src/server/flow-v2/worker-loop.test.ts src/server/flow-v2/worker-runner.test.ts


 RUN  v3.0.5 /Users/arjunkuttikkat/Documents/edgaze-prod

 ✓ src/server/flow-v2/orchestrator.test.ts (3 tests) 3ms
 ✓ src/components/builder/graph-normalize.test.ts (4 tests) 2ms
stdout | src/server/flow-v2/worker-runner.test.ts > runWorkflowToTerminal > drains processed work until the run is finalized
{"tag":"workflow_engine_perf","runId":"run_test","phase":"batch.getRunState","ms":0.044}

stdout | src/server/flow-v2/worker-runner.test.ts > runWorkflowToTerminal > drains processed work until the run is finalized
{"tag":"workflow_engine_perf","runId":"run_test","phase":"batch.claimNextRunnableNode","ms":0.037}

stdout | src/server/flow-v2/worker-runner.test.ts > runWorkflowToTerminal > drains processed work until the run is finalized
{"tag":"workflow_engine_perf","runId":"run_test","phase":"batch.claimNextRunnableNode","ms":0.002}

stdout | src/server/flow-v2/worker-runner.test.ts > runWorkflowToTerminal > drains processed work until the run is finalized
{"tag":"workflow_engine_perf","runId":"run_test","phase":"batch.appendNodeStartedEvents_all","ms":0.054}

stdout | src/server/flow-v2/worker-runner.test.ts > runWorkflowToTerminal > drains processed work until the run is finalized
{"tag":"workflow_engine_perf","runId":"run_test","phase":"node.loadRunInput","ms":0.011,"nodeId":"input_a","attemptNumber":1,"specId":"input"}

stdout | src/server/flow-v2/worker-runner.test.ts > runWorkflowToTerminal > drains processed work until the run is finalized
{"tag":"workflow_engine_perf","runId":"run_test","phase":"node.loadUpstreamOutputs","ms":0.117,"nodeId":"input_a","attemptNumber":1,"specId":"input","dependencyCount":0}

stdout | src/server/flow-v2/worker-runner.test.ts > runWorkflowToTerminal > drains processed work until the run is finalized
{"tag":"workflow_engine_perf","runId":"run_test","phase":"node.materializeNodeInput","ms":0.106,"nodeId":"input_a","attemptNumber":1,"specId":"input","inputPortCount":0,"bindingCount":0}
{"tag":"workflow_engine_perf","runId":"run_test","phase":"serialization.inlinePayload.input","ms":0.313,"nodeId":"input_a","attemptNumber":1,"specId":"input"}

stdout | src/server/flow-v2/worker-runner.test.ts > runWorkflowToTerminal > drains processed work until the run is finalized
{"tag":"workflow_engine_perf","runId":"run_test","phase":"node.persistAttemptMaterializedInput","ms":0.077,"nodeId":"input_a","attemptNumber":1,"specId":"input","payloadBytes":292,"payloadSizeBucket":"<1kb"}

stdout | src/server/flow-v2/worker-runner.test.ts > runWorkflowToTerminal > drains processed work until the run is finalized
{"tag":"workflow_engine_perf","runId":"run_test","phase":"node.streamEmit.node_materialized_input","ms":0.028,"nodeId":"input_a","attemptNumber":1,"specId":"input"}

stdout | src/server/flow-v2/worker-runner.test.ts > runWorkflowToTerminal > drains processed work until the run is finalized
{"tag":"workflow_engine_perf","runId":"run_test","phase":"serialization.inlinePayload.output","ms":0.007,"nodeId":"input_a","attemptNumber":1,"specId":"input"}
{"tag":"workflow_engine_perf","runId":"run_test","phase":"serialization.inlinePayload.error","ms":0.009,"nodeId":"input_a","attemptNumber":1,"specId":"input"}

stdout | src/server/flow-v2/worker-runner.test.ts > runWorkflowToTerminal > drains processed work until the run is finalized
{"tag":"workflow_engine_perf","runId":"run_test","phase":"node.persistAttemptResult","ms":0.048,"nodeId":"input_a","attemptNumber":1,"specId":"input","outputPayloadBytes":0,"outputPayloadSizeBucket":"empty","errorPayloadBytes":0,"errorPayloadSizeBucket":"empty"}

stdout | src/server/flow-v2/worker-runner.test.ts > runWorkflowToTerminal > drains processed work until the run is finalized
{"tag":"workflow_engine_perf","runId":"run_test","phase":"batch.executeNodesParallel_withLease","ms":1.682}

stdout | src/server/flow-v2/worker-runner.test.ts > runWorkflowToTerminal > drains processed work until the run is finalized
{"tag":"workflow_engine_perf","runId":"run_test","phase":"batch.sortCompletedWorkTopo","ms":0.02}

stdout | src/server/flow-v2/worker-runner.test.ts > runWorkflowToTerminal > drains processed work until the run is finalized
{"tag":"workflow_engine_perf","runId":"run_test","phase":"batch.applyTerminalNodeEffects_all","ms":0.108}

stdout | src/server/flow-v2/worker-runner.test.ts > runWorkflowToTerminal > drains processed work until the run is finalized
{"tag":"workflow_engine_perf","runId":"run_test","phase":"batch.listRunNodes_beforeReevaluate","ms":0.03}

stdout | src/server/flow-v2/worker-runner.test.ts > runWorkflowToTerminal > drains processed work until the run is finalized
{"tag":"workflow_engine_perf","runId":"run_test","phase":"reevaluate.planTransitions_sync","ms":0.495}

stdout | src/server/flow-v2/worker-runner.test.ts > runWorkflowToTerminal > drains processed work until the run is finalized
{"tag":"workflow_engine_perf","runId":"run_test","phase":"reevaluate.db.updateNodeStatuses.ready","ms":0.054}

stdout | src/server/flow-v2/worker-runner.test.ts > runWorkflowToTerminal > drains processed work until the run is finalized
{"tag":"workflow_engine_perf","runId":"run_test","phase":"reevaluate.db.appendRunEvents.ready","ms":0.01}

stdout | src/server/flow-v2/worker-runner.test.ts > runWorkflowToTerminal > drains processed work until the run is finalized
{"tag":"workflow_engine_perf","runId":"run_test","phase":"reevaluate.db.updateNodeStatuses.blocked","ms":0.062}

stdout | src/server/flow-v2/worker-runner.test.ts > runWorkflowToTerminal > drains processed work until the run is finalized
{"tag":"workflow_engine_perf","runId":"run_test","phase":"reevaluate.db.appendRunEvents.blocked","ms":0.108}

stdout | src/server/flow-v2/worker-runner.test.ts > runWorkflowToTerminal > drains processed work until the run is finalized
{"tag":"workflow_engine_perf","runId":"run_test","phase":"reevaluate.db.updateNodeStatuses.skipped","ms":0.047}

stdout | src/server/flow-v2/worker-runner.test.ts > runWorkflowToTerminal > drains processed work until the run is finalized
{"tag":"workflow_engine_perf","runId":"run_test","phase":"reevaluate.db.appendRunEvents.skipped","ms":0.01}

stdout | src/server/flow-v2/worker-runner.test.ts > runWorkflowToTerminal > drains processed work until the run is finalized
{"tag":"workflow_engine_perf","runId":"run_test","phase":"reevaluate.db.updateNodeStatuses.cancelled","ms":0.012}

stdout | src/server/flow-v2/worker-runner.test.ts > runWorkflowToTerminal > drains processed work until the run is finalized
{"tag":"workflow_engine_perf","runId":"run_test","phase":"reevaluate.db.appendRunEvents.cancelled","ms":0.009}

stdout | src/server/flow-v2/worker-runner.test.ts > runWorkflowToTerminal > drains processed work until the run is finalized
{"tag":"workflow_engine_perf","runId":"run_test","phase":"batch.finalizeRunIfTerminal","ms":0.148}

stdout | src/server/flow-v2/worker-runner.test.ts > runWorkflowToTerminal > drains processed work until the run is finalized
{"tag":"workflow_engine_perf_totals","runId":"run_test","label":"run_finalized","grandMs":3.65,"phases":{"batch.getRunState":{"sumMs":0.04,"count":1,"maxMs":0.04,"avgMs":0.04},"batch.claimNextRunnableNode":{"sumMs":0.04,"count":2,"maxMs":0.04,"avgMs":0.02},"batch.appendNodeStartedEvents_all":{"sumMs":0.05,"count":1,"maxMs":0.05,"avgMs":0.05},"node.loadRunInput":{"sumMs":0.01,"count":1,"maxMs":0.01,"avgMs":0.01},"node.loadUpstreamOutputs":{"sumMs":0.12,"count":1,"maxMs":0.12,"avgMs":0.12},"node.materializeNodeInput":{"sumMs":0.11,"count":1,"maxMs":0.11,"avgMs":0.11},"serialization.inlinePayload.input":{"sumMs":0.31,"count":1,"maxMs":0.31,"avgMs":0.31},"node.persistAttemptMaterializedInput":{"sumMs":0.08,"count":1,"maxMs":0.08,"avgMs":0.08},"node.streamEmit.node_materialized_input":{"sumMs":0.03,"count":1,"maxMs":0.03,"avgMs":0.03},"serialization.inlinePayload.output":{"sumMs":0.01,"count":1,"maxMs":0.01,"avgMs":0.01},"serialization.inlinePayload.error":{"sumMs":0.01,"count":1,"maxMs":0.01,"avgMs":0.01},"node.persistAttemptResult":{"sumMs":0.05,"count":1,"maxMs":0.05,"avgMs":0.05},"batch.executeNodesParallel_withLease":{"sumMs":1.68,"count":1,"maxMs":1.68,"avgMs":1.68},"batch.sortCompletedWorkTopo":{"sumMs":0.02,"count":1,"maxMs":0.02,"avgMs":0.02},"batch.applyTerminalNodeEffects_all":{"sumMs":0.11,"count":1,"maxMs":0.11,"avgMs":0.11},"batch.listRunNodes_beforeReevaluate":{"sumMs":0.03,"count":1,"maxMs":0.03,"avgMs":0.03},"reevaluate.planTransitions_sync":{"sumMs":0.5,"count":1,"maxMs":0.5,"avgMs":0.5},"reevaluate.db.updateNodeStatuses.ready":{"sumMs":0.05,"count":1,"maxMs":0.05,"avgMs":0.05},"reevaluate.db.appendRunEvents.ready":{"sumMs":0.01,"count":1,"maxMs":0.01,"avgMs":0.01},"reevaluate.db.updateNodeStatuses.blocked":{"sumMs":0.06,"count":1,"maxMs":0.06,"avgMs":0.06},"reevaluate.db.appendRunEvents.blocked":{"sumMs":0.11,"count":1,"maxMs":0.11,"avgMs":0.11},"reevaluate.db.updateNodeStatuses.skipped":{"sumMs":0.05,"count":1,"maxMs":0.05,"avgMs":0.05},"reevaluate.db.appendRunEvents.skipped":{"sumMs":0.01,"count":1,"maxMs":0.01,"avgMs":0.01},"reevaluate.db.updateNodeStatuses.cancelled":{"sumMs":0.01,"count":1,"maxMs":0.01,"avgMs":0.01},"reevaluate.db.appendRunEvents.cancelled":{"sumMs":0.01,"count":1,"maxMs":0.01,"avgMs":0.01},"batch.finalizeRunIfTerminal":{"sumMs":0.15,"count":1,"maxMs":0.15,"avgMs":0.15}}}

stdout | src/server/flow-v2/worker-runner.test.ts > runWorkflowToTerminal > fails closed when the run stays idle without finalizing
{"tag":"workflow_engine_perf","runId":"run_test","phase":"batch.getRunState","ms":0.182}

stdout | src/server/flow-v2/worker-runner.test.ts > runWorkflowToTerminal > fails closed when the run stays idle without finalizing
{"tag":"workflow_engine_perf","runId":"run_test","phase":"batch.claimNextRunnableNode","ms":0.009}

stdout | src/server/flow-v2/worker-runner.test.ts > runWorkflowToTerminal > fails closed when the run stays idle without finalizing
{"tag":"workflow_engine_perf","runId":"run_test","phase":"batch.idle.listRunNodes","ms":0.01}

stderr | src/server/flow-v2/worker-runner.test.ts > runWorkflowToTerminal > fails closed when the run stays idle without finalizing
[flow-v2] No claimable node (idle cycle) {
  runId: 'run_test',
  runStatus: 'queued',
  cancelRequestedAt: null,
  nodeStatusCounts: {}
}

stdout | src/server/flow-v2/worker-runner.test.ts > runWorkflowToTerminal > fails closed when the run stays idle without finalizing
{"tag":"workflow_engine_perf","runId":"run_test","phase":"batch.idle.finalizeRunIfTerminal","ms":0.024}

stdout | src/server/flow-v2/worker-runner.test.ts > runWorkflowToTerminal > fails closed when the run stays idle without finalizing
{"tag":"workflow_engine_perf","runId":"run_test","phase":"runner.idleBackoff_wait","ms":0.02}

stdout | src/server/flow-v2/worker-runner.test.ts > runWorkflowToTerminal > fails closed when the run stays idle without finalizing
{"tag":"workflow_engine_perf","runId":"run_test","phase":"batch.getRunState","ms":0.002}

stdout | src/server/flow-v2/worker-runner.test.ts > runWorkflowToTerminal > fails closed when the run stays idle without finalizing
{"tag":"workflow_engine_perf","runId":"run_test","phase":"batch.claimNextRunnableNode","ms":0.002}

stdout | src/server/flow-v2/worker-runner.test.ts > runWorkflowToTerminal > fails closed when the run stays idle without finalizing
{"tag":"workflow_engine_perf","runId":"run_test","phase":"batch.idle.listRunNodes","ms":0.001}

stdout | src/server/flow-v2/worker-runner.test.ts > runWorkflowToTerminal > fails closed when the run stays idle without finalizing
{"tag":"workflow_engine_perf","runId":"run_test","phase":"batch.idle.finalizeRunIfTerminal","ms":0.002}

stdout | src/server/flow-v2/worker-runner.test.ts > runWorkflowToTerminal > fails closed when the run stays idle without finalizing
{"tag":"workflow_engine_perf_totals","runId":"run_test","label":"runner_stalled_idle","grandMs":0.25,"phases":{"batch.getRunState":{"sumMs":0.18,"count":2,"maxMs":0.18,"avgMs":0.09},"batch.claimNextRunnableNode":{"sumMs":0.01,"count":2,"maxMs":0.01,"avgMs":0.01},"batch.idle.listRunNodes":{"sumMs":0.01,"count":2,"maxMs":0.01,"avgMs":0.01},"batch.idle.finalizeRunIfTerminal":{"sumMs":0.03,"count":2,"maxMs":0.02,"avgMs":0.01},"runner.idleBackoff_wait":{"sumMs":0.02,"count":1,"maxMs":0.02,"avgMs":0.02}}}

 ✓ src/server/flow/security-hardening.smoke.test.ts (3 tests) 2ms
 ✓ src/server/flow-v2/worker-runner.test.ts (2 tests) 8ms
 ✓ src/server/flow-v2/compiler.test.ts (9 tests) 14ms
stdout | src/server/flow-v2/node-worker.test.ts > executeClaimedNode > persists materialized input before storing result payloads
{"tag":"workflow_engine_perf","runId":"run_test","phase":"node.loadRunInput","ms":0.009,"nodeId":"input_a","attemptNumber":1,"specId":"input"}

stdout | src/server/flow-v2/node-worker.test.ts > executeClaimedNode > persists materialized input before storing result payloads
{"tag":"workflow_engine_perf","runId":"run_test","phase":"node.loadUpstreamOutputs","ms":0.014,"nodeId":"input_a","attemptNumber":1,"specId":"input","dependencyCount":0}

stdout | src/server/flow-v2/node-worker.test.ts > executeClaimedNode > persists materialized input before storing result payloads
{"tag":"workflow_engine_perf","runId":"run_test","phase":"node.materializeNodeInput","ms":0.013,"nodeId":"input_a","attemptNumber":1,"specId":"input","inputPortCount":0,"bindingCount":0}
{"tag":"workflow_engine_perf","runId":"run_test","phase":"serialization.inlinePayload.input","ms":0.207,"nodeId":"input_a","attemptNumber":1,"specId":"input"}

stdout | src/server/flow-v2/node-worker.test.ts > executeClaimedNode > persists materialized input before storing result payloads
{"tag":"workflow_engine_perf","runId":"run_test","phase":"node.persistAttemptMaterializedInput","ms":0.048,"nodeId":"input_a","attemptNumber":1,"specId":"input","payloadBytes":325,"payloadSizeBucket":"<1kb"}

stdout | src/server/flow-v2/node-worker.test.ts > executeClaimedNode > persists materialized input before storing result payloads
{"tag":"workflow_engine_perf","runId":"run_test","phase":"node.streamEmit.node_materialized_input","ms":0.014,"nodeId":"input_a","attemptNumber":1,"specId":"input"}

stdout | src/server/flow-v2/worker-loop.test.ts > processNextRunNode > processes a ready node and marks downstream nodes ready deterministically
{"tag":"workflow_engine_perf","runId":"run_test","phase":"batch.getRunState","ms":0.022}

stdout | src/server/flow-v2/node-worker.test.ts > executeClaimedNode > persists materialized input before storing result payloads
{"tag":"workflow_engine_perf","runId":"run_test","phase":"node.handler.fast_local","ms":0.043,"nodeId":"input_a","specId":"input","canonicalSpecId":"input","inputPortCount":0,"outputPortCount":1}
{"tag":"workflow_engine_perf","runId":"run_test","phase":"node.executor.resolveRawOutput","ms":0.005,"nodeId":"input_a","specId":"input","canonicalSpecId":"input","inputPortCount":0,"outputPortCount":1}
{"tag":"workflow_engine_perf","runId":"run_test","phase":"node.executor.buildOutputsByPort","ms":0.025,"nodeId":"input_a","specId":"input","canonicalSpecId":"input","inputPortCount":0,"outputPortCount":1}

stdout | src/server/flow-v2/worker-loop.test.ts > processNextRunNode > processes a ready node and marks downstream nodes ready deterministically
{"tag":"workflow_engine_perf","runId":"run_test","phase":"batch.claimNextRunnableNode","ms":0.276}

stdout | src/server/flow-v2/worker-loop.test.ts > processNextRunNode > processes a ready node and marks downstream nodes ready deterministically
{"tag":"workflow_engine_perf","runId":"run_test","phase":"batch.appendNodeStartedEvents_all","ms":0.064}

stdout | src/server/flow-v2/node-worker.test.ts > executeClaimedNode > persists materialized input before storing result payloads
{"tag":"workflow_engine_perf","runId":"run_test","phase":"serialization.inlinePayload.output","ms":0.017,"nodeId":"input_a","attemptNumber":1,"specId":"input"}
{"tag":"workflow_engine_perf","runId":"run_test","phase":"serialization.inlinePayload.error","ms":0.008,"nodeId":"input_a","attemptNumber":1,"specId":"input"}

stdout | src/server/flow-v2/node-worker.test.ts > executeClaimedNode > persists materialized input before storing result payloads
{"tag":"workflow_engine_perf","runId":"run_test","phase":"node.persistAttemptResult","ms":0.052,"nodeId":"input_a","attemptNumber":1,"specId":"input","outputPayloadBytes":27,"outputPayloadSizeBucket":"<1kb","errorPayloadBytes":0,"errorPayloadSizeBucket":"empty"}

stdout | src/server/flow-v2/worker-loop.test.ts > processNextRunNode > processes a ready node and marks downstream nodes ready deterministically
{"tag":"workflow_engine_perf","runId":"run_test","phase":"node.loadRunInput","ms":0.01,"nodeId":"input_a","attemptNumber":1,"specId":"input"}

stdout | src/server/flow-v2/worker-loop.test.ts > processNextRunNode > processes a ready node and marks downstream nodes ready deterministically
{"tag":"workflow_engine_perf","runId":"run_test","phase":"node.loadUpstreamOutputs","ms":0.021,"nodeId":"input_a","attemptNumber":1,"specId":"input","dependencyCount":0}

stdout | src/server/flow-v2/node-worker.test.ts > executeClaimedNode > cancels delay execution through the propagated abort signal
{"tag":"workflow_engine_perf","runId":"run_test","phase":"node.loadRunInput","ms":0.001,"nodeId":"delay_a","attemptNumber":1,"specId":"delay"}

stdout | src/server/flow-v2/node-worker.test.ts > executeClaimedNode > cancels delay execution through the propagated abort signal
{"tag":"workflow_engine_perf","runId":"run_test","phase":"node.loadUpstreamOutputs","ms":0.002,"nodeId":"delay_a","attemptNumber":1,"specId":"delay","dependencyCount":1}

stdout | src/server/flow-v2/node-worker.test.ts > executeClaimedNode > cancels delay execution through the propagated abort signal
{"tag":"workflow_engine_perf","runId":"run_test","phase":"node.materializeNodeInput","ms":0.009,"nodeId":"delay_a","attemptNumber":1,"specId":"delay","inputPortCount":1,"bindingCount":1}
{"tag":"workflow_engine_perf","runId":"run_test","phase":"serialization.inlinePayload.input","ms":0.036,"nodeId":"delay_a","attemptNumber":1,"specId":"delay"}

stdout | src/server/flow-v2/node-worker.test.ts > executeClaimedNode > cancels delay execution through the propagated abort signal
{"tag":"workflow_engine_perf","runId":"run_test","phase":"node.persistAttemptMaterializedInput","ms":0.032,"nodeId":"delay_a","attemptNumber":1,"specId":"delay","payloadBytes":338,"payloadSizeBucket":"<1kb"}

stdout | src/server/flow-v2/node-worker.test.ts > executeClaimedNode > cancels delay execution through the propagated abort signal
{"tag":"workflow_engine_perf","runId":"run_test","phase":"node.streamEmit.node_materialized_input","ms":0.001,"nodeId":"delay_a","attemptNumber":1,"specId":"delay"}

stdout | src/server/flow-v2/worker-loop.test.ts > processNextRunNode > processes a ready node and marks downstream nodes ready deterministically
{"tag":"workflow_engine_perf","runId":"run_test","phase":"node.materializeNodeInput","ms":0.103,"nodeId":"input_a","attemptNumber":1,"specId":"input","inputPortCount":0,"bindingCount":0}
{"tag":"workflow_engine_perf","runId":"run_test","phase":"serialization.inlinePayload.input","ms":0.202,"nodeId":"input_a","attemptNumber":1,"specId":"input"}

stdout | src/server/flow-v2/worker-loop.test.ts > processNextRunNode > processes a ready node and marks downstream nodes ready deterministically
{"tag":"workflow_engine_perf","runId":"run_test","phase":"node.persistAttemptMaterializedInput","ms":0.051,"nodeId":"input_a","attemptNumber":1,"specId":"input","payloadBytes":300,"payloadSizeBucket":"<1kb"}

stdout | src/server/flow-v2/node-worker.test.ts > executeClaimedNode > cancels delay execution through the propagated abort signal
{"tag":"workflow_engine_perf","runId":"run_test","phase":"node.executor.buildInboundValues","ms":0.014,"nodeId":"delay_a","specId":"delay","canonicalSpecId":"delay","inputPortCount":1,"outputPortCount":1}
{"tag":"workflow_engine_perf","runId":"run_test","phase":"node.executor.spreadRunInput","ms":0.004,"nodeId":"delay_a","specId":"delay","canonicalSpecId":"delay","inputPortCount":1,"outputPortCount":1}

stdout | src/server/flow-v2/worker-loop.test.ts > processNextRunNode > processes a ready node and marks downstream nodes ready deterministically
{"tag":"workflow_engine_perf","runId":"run_test","phase":"node.streamEmit.node_materialized_input","ms":0.018,"nodeId":"input_a","attemptNumber":1,"specId":"input"}

stdout | src/server/flow-v2/worker-loop.test.ts > processNextRunNode > processes a ready node and marks downstream nodes ready deterministically
{"tag":"workflow_engine_perf","runId":"run_test","phase":"node.handler.fast_local","ms":0.042,"nodeId":"input_a","specId":"input","canonicalSpecId":"input","inputPortCount":0,"outputPortCount":1}
{"tag":"workflow_engine_perf","runId":"run_test","phase":"node.executor.resolveRawOutput","ms":0.011,"nodeId":"input_a","specId":"input","canonicalSpecId":"input","inputPortCount":0,"outputPortCount":1}
{"tag":"workflow_engine_perf","runId":"run_test","phase":"node.executor.buildOutputsByPort","ms":0.028,"nodeId":"input_a","specId":"input","canonicalSpecId":"input","inputPortCount":0,"outputPortCount":1}

stdout | src/server/flow-v2/worker-loop.test.ts > processNextRunNode > processes a ready node and marks downstream nodes ready deterministically
{"tag":"workflow_engine_perf","runId":"run_test","phase":"serialization.inlinePayload.output","ms":0.02,"nodeId":"input_a","attemptNumber":1,"specId":"input"}
{"tag":"workflow_engine_perf","runId":"run_test","phase":"serialization.inlinePayload.error","ms":0.008,"nodeId":"input_a","attemptNumber":1,"specId":"input"}

stdout | src/server/flow-v2/worker-loop.test.ts > processNextRunNode > processes a ready node and marks downstream nodes ready deterministically
{"tag":"workflow_engine_perf","runId":"run_test","phase":"node.persistAttemptResult","ms":0.076,"nodeId":"input_a","attemptNumber":1,"specId":"input","outputPayloadBytes":27,"outputPayloadSizeBucket":"<1kb","errorPayloadBytes":0,"errorPayloadSizeBucket":"empty"}

stdout | src/server/flow-v2/worker-loop.test.ts > processNextRunNode > processes a ready node and marks downstream nodes ready deterministically
{"tag":"workflow_engine_perf","runId":"run_test","phase":"batch.executeNodesParallel_withLease","ms":1.66}

stdout | src/server/flow-v2/worker-loop.test.ts > processNextRunNode > processes a ready node and marks downstream nodes ready deterministically
{"tag":"workflow_engine_perf","runId":"run_test","phase":"batch.sortCompletedWorkTopo","ms":0.019}

stdout | src/server/flow-v2/worker-loop.test.ts > processNextRunNode > processes a ready node and marks downstream nodes ready deterministically
{"tag":"workflow_engine_perf","runId":"run_test","phase":"batch.applyTerminalNodeEffects_all","ms":0.11}

stdout | src/server/flow-v2/worker-loop.test.ts > processNextRunNode > processes a ready node and marks downstream nodes ready deterministically
{"tag":"workflow_engine_perf","runId":"run_test","phase":"batch.listRunNodes_beforeReevaluate","ms":0.016}

stdout | src/server/flow-v2/worker-loop.test.ts > processNextRunNode > processes a ready node and marks downstream nodes ready deterministically
{"tag":"workflow_engine_perf","runId":"run_test","phase":"reevaluate.planTransitions_sync","ms":0.111}

stdout | src/server/flow-v2/worker-loop.test.ts > processNextRunNode > processes a ready node and marks downstream nodes ready deterministically
{"tag":"workflow_engine_perf","runId":"run_test","phase":"reevaluate.db.updateNodeStatuses.ready","ms":0.046}

stdout | src/server/flow-v2/worker-loop.test.ts > processNextRunNode > processes a ready node and marks downstream nodes ready deterministically
{"tag":"workflow_engine_perf","runId":"run_test","phase":"reevaluate.db.appendRunEvents.ready","ms":0.007}

stdout | src/server/flow-v2/worker-loop.test.ts > processNextRunNode > processes a ready node and marks downstream nodes ready deterministically
{"tag":"workflow_engine_perf","runId":"run_test","phase":"reevaluate.db.updateNodeStatuses.blocked","ms":0.01}

stdout | src/server/flow-v2/worker-loop.test.ts > processNextRunNode > processes a ready node and marks downstream nodes ready deterministically
{"tag":"workflow_engine_perf","runId":"run_test","phase":"reevaluate.db.appendRunEvents.blocked","ms":0.005}

stdout | src/server/flow-v2/worker-loop.test.ts > processNextRunNode > processes a ready node and marks downstream nodes ready deterministically
{"tag":"workflow_engine_perf","runId":"run_test","phase":"reevaluate.db.updateNodeStatuses.skipped","ms":0.009}

stdout | src/server/flow-v2/worker-loop.test.ts > processNextRunNode > processes a ready node and marks downstream nodes ready deterministically
{"tag":"workflow_engine_perf","runId":"run_test","phase":"reevaluate.db.appendRunEvents.skipped","ms":0.005}

stdout | src/server/flow-v2/worker-loop.test.ts > processNextRunNode > processes a ready node and marks downstream nodes ready deterministically
{"tag":"workflow_engine_perf","runId":"run_test","phase":"reevaluate.db.updateNodeStatuses.cancelled","ms":0.007}

stdout | src/server/flow-v2/worker-loop.test.ts > processNextRunNode > processes a ready node and marks downstream nodes ready deterministically
{"tag":"workflow_engine_perf","runId":"run_test","phase":"reevaluate.db.appendRunEvents.cancelled","ms":0.006}

stdout | src/server/flow-v2/worker-loop.test.ts > processNextRunNode > processes a ready node and marks downstream nodes ready deterministically
{"tag":"workflow_engine_perf","runId":"run_test","phase":"reevaluate.db.listRunNodes_afterTransition","ms":0.005}

stdout | src/server/flow-v2/worker-loop.test.ts > processNextRunNode > processes a ready node and marks downstream nodes ready deterministically
{"tag":"workflow_engine_perf","runId":"run_test","phase":"batch.finalizeRunIfTerminal","ms":0.033}

stdout | src/server/flow-v2/worker-loop.test.ts > processNextRunNode > finalizes the run as failed when fail_fast leaves no terminal output
{"tag":"workflow_engine_perf","runId":"run_test","phase":"batch.getRunState","ms":0.004}

stdout | src/server/flow-v2/worker-loop.test.ts > processNextRunNode > finalizes the run as failed when fail_fast leaves no terminal output
{"tag":"workflow_engine_perf","runId":"run_test","phase":"batch.claimNextRunnableNode","ms":0.008}

stdout | src/server/flow-v2/worker-loop.test.ts > processNextRunNode > finalizes the run as failed when fail_fast leaves no terminal output
{"tag":"workflow_engine_perf","runId":"run_test","phase":"batch.appendNodeStartedEvents_all","ms":0.014}

stdout | src/server/flow-v2/worker-loop.test.ts > processNextRunNode > finalizes the run as failed when fail_fast leaves no terminal output
{"tag":"workflow_engine_perf","runId":"run_test","phase":"node.loadRunInput","ms":0.002,"nodeId":"delay_a","attemptNumber":1,"specId":"delay"}

stdout | src/server/flow-v2/worker-loop.test.ts > processNextRunNode > finalizes the run as failed when fail_fast leaves no terminal output
{"tag":"workflow_engine_perf","runId":"run_test","phase":"node.loadUpstreamOutputs","ms":0.009,"nodeId":"delay_a","attemptNumber":1,"specId":"delay","dependencyCount":1}

stdout | src/server/flow-v2/worker-loop.test.ts > processNextRunNode > finalizes the run as failed when fail_fast leaves no terminal output
{"tag":"workflow_engine_perf","runId":"run_test","phase":"node.materializeNodeInput","ms":0.05,"nodeId":"delay_a","attemptNumber":1,"specId":"delay","inputPortCount":1,"bindingCount":1}
{"tag":"workflow_engine_perf","runId":"run_test","phase":"serialization.inlinePayload.input","ms":0.036,"nodeId":"delay_a","attemptNumber":1,"specId":"delay"}

stdout | src/server/flow-v2/worker-loop.test.ts > processNextRunNode > finalizes the run as failed when fail_fast leaves no terminal output
{"tag":"workflow_engine_perf","runId":"run_test","phase":"node.persistAttemptMaterializedInput","ms":0.018,"nodeId":"delay_a","attemptNumber":1,"specId":"delay","payloadBytes":319,"payloadSizeBucket":"<1kb"}

stdout | src/server/flow-v2/worker-loop.test.ts > processNextRunNode > finalizes the run as failed when fail_fast leaves no terminal output
{"tag":"workflow_engine_perf","runId":"run_test","phase":"node.streamEmit.node_materialized_input","ms":0.005,"nodeId":"delay_a","attemptNumber":1,"specId":"delay"}

stdout | src/server/flow-v2/worker-loop.test.ts > processNextRunNode > finalizes the run as failed when fail_fast leaves no terminal output
{"tag":"workflow_engine_perf","runId":"run_test","phase":"serialization.inlinePayload.output","ms":0,"nodeId":"delay_a","attemptNumber":1,"specId":"delay"}
{"tag":"workflow_engine_perf","runId":"run_test","phase":"serialization.inlinePayload.error","ms":0.01,"nodeId":"delay_a","attemptNumber":1,"specId":"delay"}

stdout | src/server/flow-v2/worker-loop.test.ts > processNextRunNode > finalizes the run as failed when fail_fast leaves no terminal output
{"tag":"workflow_engine_perf","runId":"run_test","phase":"node.persistAttemptResult","ms":0.015,"nodeId":"delay_a","attemptNumber":1,"specId":"delay","outputPayloadBytes":0,"outputPayloadSizeBucket":"empty","errorPayloadBytes":63,"errorPayloadSizeBucket":"<1kb"}

stdout | src/server/flow-v2/worker-loop.test.ts > processNextRunNode > finalizes the run as failed when fail_fast leaves no terminal output
{"tag":"workflow_engine_perf","runId":"run_test","phase":"batch.executeNodesParallel_withLease","ms":0.32}

stdout | src/server/flow-v2/worker-loop.test.ts > processNextRunNode > finalizes the run as failed when fail_fast leaves no terminal output
{"tag":"workflow_engine_perf","runId":"run_test","phase":"batch.sortCompletedWorkTopo","ms":0.002}

stdout | src/server/flow-v2/worker-loop.test.ts > processNextRunNode > finalizes the run as failed when fail_fast leaves no terminal output
{"tag":"workflow_engine_perf","runId":"run_test","phase":"batch.applyTerminalNodeEffects_all","ms":0.061}

stdout | src/server/flow-v2/worker-loop.test.ts > processNextRunNode > finalizes the run as failed when fail_fast leaves no terminal output
{"tag":"workflow_engine_perf","runId":"run_test","phase":"batch.listRunNodes_beforeReevaluate","ms":0.002}

stdout | src/server/flow-v2/worker-loop.test.ts > processNextRunNode > finalizes the run as failed when fail_fast leaves no terminal output
{"tag":"workflow_engine_perf","runId":"run_test","phase":"reevaluate.planTransitions_sync","ms":0.009}

stdout | src/server/flow-v2/worker-loop.test.ts > processNextRunNode > finalizes the run as failed when fail_fast leaves no terminal output
{"tag":"workflow_engine_perf","runId":"run_test","phase":"reevaluate.db.updateNodeStatuses.ready","ms":0.013}

stdout | src/server/flow-v2/worker-loop.test.ts > processNextRunNode > finalizes the run as failed when fail_fast leaves no terminal output
{"tag":"workflow_engine_perf","runId":"run_test","phase":"reevaluate.db.appendRunEvents.ready","ms":0.002}

stdout | src/server/flow-v2/worker-loop.test.ts > processNextRunNode > finalizes the run as failed when fail_fast leaves no terminal output
{"tag":"workflow_engine_perf","runId":"run_test","phase":"reevaluate.db.updateNodeStatuses.blocked","ms":0.002}

stdout | src/server/flow-v2/worker-loop.test.ts > processNextRunNode > finalizes the run as failed when fail_fast leaves no terminal output
{"tag":"workflow_engine_perf","runId":"run_test","phase":"reevaluate.db.appendRunEvents.blocked","ms":0.001}

stdout | src/server/flow-v2/worker-loop.test.ts > processNextRunNode > finalizes the run as failed when fail_fast leaves no terminal output
{"tag":"workflow_engine_perf","runId":"run_test","phase":"reevaluate.db.updateNodeStatuses.skipped","ms":0.001}

stdout | src/server/flow-v2/worker-loop.test.ts > processNextRunNode > finalizes the run as failed when fail_fast leaves no terminal output
{"tag":"workflow_engine_perf","runId":"run_test","phase":"reevaluate.db.appendRunEvents.skipped","ms":0.001}

stdout | src/server/flow-v2/worker-loop.test.ts > processNextRunNode > finalizes the run as failed when fail_fast leaves no terminal output
{"tag":"workflow_engine_perf","runId":"run_test","phase":"reevaluate.db.updateNodeStatuses.cancelled","ms":0.001}

stdout | src/server/flow-v2/worker-loop.test.ts > processNextRunNode > finalizes the run as failed when fail_fast leaves no terminal output
{"tag":"workflow_engine_perf","runId":"run_test","phase":"reevaluate.db.appendRunEvents.cancelled","ms":0.001}

stdout | src/server/flow-v2/worker-loop.test.ts > processNextRunNode > finalizes the run as failed when fail_fast leaves no terminal output
{"tag":"workflow_engine_perf","runId":"run_test","phase":"batch.finalizeRunIfTerminal","ms":0.08}

stdout | src/server/flow-v2/worker-loop.test.ts > processNextRunNode > marks the untaken condition branch immediately after the condition resolves
{"tag":"workflow_engine_perf","runId":"run_test","phase":"batch.getRunState","ms":0.003}

stdout | src/server/flow-v2/worker-loop.test.ts > processNextRunNode > marks the untaken condition branch immediately after the condition resolves
{"tag":"workflow_engine_perf","runId":"run_test","phase":"batch.claimNextRunnableNode","ms":0.006}

stdout | src/server/flow-v2/worker-loop.test.ts > processNextRunNode > marks the untaken condition branch immediately after the condition resolves
{"tag":"workflow_engine_perf","runId":"run_test","phase":"batch.appendNodeStartedEvents_all","ms":0.007}

stdout | src/server/flow-v2/worker-loop.test.ts > processNextRunNode > marks the untaken condition branch immediately after the condition resolves
{"tag":"workflow_engine_perf","runId":"run_test","phase":"node.loadRunInput","ms":0.001,"nodeId":"condition_a","attemptNumber":1,"specId":"condition"}

stdout | src/server/flow-v2/worker-loop.test.ts > processNextRunNode > marks the untaken condition branch immediately after the condition resolves
{"tag":"workflow_engine_perf","runId":"run_test","phase":"node.loadUpstreamOutputs","ms":0.002,"nodeId":"condition_a","attemptNumber":1,"specId":"condition","dependencyCount":0}

stdout | src/server/flow-v2/worker-loop.test.ts > processNextRunNode > marks the untaken condition branch immediately after the condition resolves
{"tag":"workflow_engine_perf","runId":"run_test","phase":"node.materializeNodeInput","ms":0.005,"nodeId":"condition_a","attemptNumber":1,"specId":"condition","inputPortCount":1,"bindingCount":0}
{"tag":"workflow_engine_perf","runId":"run_test","phase":"serialization.inlinePayload.input","ms":0.011,"nodeId":"condition_a","attemptNumber":1,"specId":"condition"}

stdout | src/server/flow-v2/worker-loop.test.ts > processNextRunNode > marks the untaken condition branch immediately after the condition resolves
{"tag":"workflow_engine_perf","runId":"run_test","phase":"node.persistAttemptMaterializedInput","ms":0.016,"nodeId":"condition_a","attemptNumber":1,"specId":"condition","payloadBytes":105,"payloadSizeBucket":"<1kb"}

stdout | src/server/flow-v2/worker-loop.test.ts > processNextRunNode > marks the untaken condition branch immediately after the condition resolves
{"tag":"workflow_engine_perf","runId":"run_test","phase":"node.streamEmit.node_materialized_input","ms":0.004,"nodeId":"condition_a","attemptNumber":1,"specId":"condition"}

stdout | src/server/flow-v2/worker-loop.test.ts > processNextRunNode > marks the untaken condition branch immediately after the condition resolves
{"tag":"workflow_engine_perf","runId":"run_test","phase":"serialization.inlinePayload.output","ms":0.005,"nodeId":"condition_a","attemptNumber":1,"specId":"condition"}
{"tag":"workflow_engine_perf","runId":"run_test","phase":"serialization.inlinePayload.error","ms":0,"nodeId":"condition_a","attemptNumber":1,"specId":"condition"}

stdout | src/server/flow-v2/worker-loop.test.ts > processNextRunNode > marks the untaken condition branch immediately after the condition resolves
{"tag":"workflow_engine_perf","runId":"run_test","phase":"node.persistAttemptResult","ms":0.017,"nodeId":"condition_a","attemptNumber":1,"specId":"condition","outputPayloadBytes":52,"outputPayloadSizeBucket":"<1kb","errorPayloadBytes":0,"errorPayloadSizeBucket":"empty"}

stdout | src/server/flow-v2/worker-loop.test.ts > processNextRunNode > marks the untaken condition branch immediately after the condition resolves
{"tag":"workflow_engine_perf","runId":"run_test","phase":"batch.executeNodesParallel_withLease","ms":0.234}

stdout | src/server/flow-v2/worker-loop.test.ts > processNextRunNode > marks the untaken condition branch immediately after the condition resolves
{"tag":"workflow_engine_perf","runId":"run_test","phase":"batch.sortCompletedWorkTopo","ms":0.001}

stdout | src/server/flow-v2/worker-loop.test.ts > processNextRunNode > marks the untaken condition branch immediately after the condition resolves
{"tag":"workflow_engine_perf","runId":"run_test","phase":"batch.applyTerminalNodeEffects_all","ms":0.086}

stdout | src/server/flow-v2/worker-loop.test.ts > processNextRunNode > marks the untaken condition branch immediately after the condition resolves
{"tag":"workflow_engine_perf","runId":"run_test","phase":"batch.listRunNodes_beforeReevaluate","ms":0.001}

stdout | src/server/flow-v2/worker-loop.test.ts > processNextRunNode > marks the untaken condition branch immediately after the condition resolves
{"tag":"workflow_engine_perf","runId":"run_test","phase":"reevaluate.planTransitions_sync","ms":0.047}

stdout | src/server/flow-v2/worker-loop.test.ts > processNextRunNode > marks the untaken condition branch immediately after the condition resolves
{"tag":"workflow_engine_perf","runId":"run_test","phase":"reevaluate.db.updateNodeStatuses.ready","ms":0.015}

stdout | src/server/flow-v2/worker-loop.test.ts > processNextRunNode > marks the untaken condition branch immediately after the condition resolves
{"tag":"workflow_engine_perf","runId":"run_test","phase":"reevaluate.db.appendRunEvents.ready","ms":0.002}

stdout | src/server/flow-v2/worker-loop.test.ts > processNextRunNode > marks the untaken condition branch immediately after the condition resolves
{"tag":"workflow_engine_perf","runId":"run_test","phase":"reevaluate.db.updateNodeStatuses.blocked","ms":0.002}

stdout | src/server/flow-v2/worker-loop.test.ts > processNextRunNode > marks the untaken condition branch immediately after the condition resolves
{"tag":"workflow_engine_perf","runId":"run_test","phase":"reevaluate.db.appendRunEvents.blocked","ms":0.001}

stdout | src/server/flow-v2/worker-loop.test.ts > processNextRunNode > marks the untaken condition branch immediately after the condition resolves
{"tag":"workflow_engine_perf","runId":"run_test","phase":"reevaluate.db.updateNodeStatuses.skipped","ms":0.001}

stdout | src/server/flow-v2/worker-loop.test.ts > processNextRunNode > marks the untaken condition branch immediately after the condition resolves
{"tag":"workflow_engine_perf","runId":"run_test","phase":"reevaluate.db.appendRunEvents.skipped","ms":0.001}

stdout | src/server/flow-v2/worker-loop.test.ts > processNextRunNode > marks the untaken condition branch immediately after the condition resolves
{"tag":"workflow_engine_perf","runId":"run_test","phase":"reevaluate.db.updateNodeStatuses.cancelled","ms":0.001}

stdout | src/server/flow-v2/worker-loop.test.ts > processNextRunNode > marks the untaken condition branch immediately after the condition resolves
{"tag":"workflow_engine_perf","runId":"run_test","phase":"reevaluate.db.appendRunEvents.cancelled","ms":0.001}

stdout | src/server/flow-v2/worker-loop.test.ts > processNextRunNode > marks the untaken condition branch immediately after the condition resolves
{"tag":"workflow_engine_perf","runId":"run_test","phase":"reevaluate.db.listRunNodes_afterTransition","ms":0.001}

stdout | src/server/flow-v2/worker-loop.test.ts > processNextRunNode > marks the untaken condition branch immediately after the condition resolves
{"tag":"workflow_engine_perf","runId":"run_test","phase":"batch.finalizeRunIfTerminal","ms":0.002}

stdout | src/server/flow-v2/worker-loop.test.ts > processNextRunNode > executes mutually ready nodes in parallel (batch)
{"tag":"workflow_engine_perf","runId":"run_test","phase":"batch.getRunState","ms":0.002}

stdout | src/server/flow-v2/worker-loop.test.ts > processNextRunNode > executes mutually ready nodes in parallel (batch)
{"tag":"workflow_engine_perf","runId":"run_test","phase":"batch.claimNextRunnableNode","ms":0.01}

stdout | src/server/flow-v2/worker-loop.test.ts > processNextRunNode > executes mutually ready nodes in parallel (batch)
{"tag":"workflow_engine_perf","runId":"run_test","phase":"batch.claimNextRunnableNode","ms":0.004}

stdout | src/server/flow-v2/worker-loop.test.ts > processNextRunNode > executes mutually ready nodes in parallel (batch)
{"tag":"workflow_engine_perf","runId":"run_test","phase":"batch.claimNextRunnableNode","ms":0.001}

stdout | src/server/flow-v2/worker-loop.test.ts > processNextRunNode > executes mutually ready nodes in parallel (batch)
{"tag":"workflow_engine_perf","runId":"run_test","phase":"batch.appendNodeStartedEvents_all","ms":0.008}

stdout | src/server/flow-v2/worker-loop.test.ts > processNextRunNode > executes mutually ready nodes in parallel (batch)
{"tag":"workflow_engine_perf","runId":"run_test","phase":"node.loadRunInput","ms":0.105,"nodeId":"in1","attemptNumber":1,"specId":"input"}
{"tag":"workflow_engine_perf","runId":"run_test","phase":"node.loadRunInput","ms":0.006,"nodeId":"in2","attemptNumber":1,"specId":"input"}

stdout | src/server/flow-v2/worker-loop.test.ts > processNextRunNode > executes mutually ready nodes in parallel (batch)
{"tag":"workflow_engine_perf","runId":"run_test","phase":"node.loadUpstreamOutputs","ms":0.015,"nodeId":"in1","attemptNumber":1,"specId":"input","dependencyCount":0}
{"tag":"workflow_engine_perf","runId":"run_test","phase":"node.loadUpstreamOutputs","ms":0.006,"nodeId":"in2","attemptNumber":1,"specId":"input","dependencyCount":0}
{"tag":"workflow_engine_perf","runId":"run_test","phase":"node.materializeNodeInput","ms":0.006,"nodeId":"in1","attemptNumber":1,"specId":"input","inputPortCount":0,"bindingCount":0}
{"tag":"workflow_engine_perf","runId":"run_test","phase":"serialization.inlinePayload.input","ms":0.014,"nodeId":"in1","attemptNumber":1,"specId":"input"}
{"tag":"workflow_engine_perf","runId":"run_test","phase":"node.materializeNodeInput","ms":0.004,"nodeId":"in2","attemptNumber":1,"specId":"input","inputPortCount":0,"bindingCount":0}
{"tag":"workflow_engine_perf","runId":"run_test","phase":"serialization.inlinePayload.input","ms":0.044,"nodeId":"in2","attemptNumber":1,"specId":"input"}
{"tag":"workflow_engine_perf","runId":"run_test","phase":"node.persistAttemptMaterializedInput","ms":0.064,"nodeId":"in1","attemptNumber":1,"specId":"input","payloadBytes":286,"payloadSizeBucket":"<1kb"}
{"tag":"workflow_engine_perf","runId":"run_test","phase":"node.persistAttemptMaterializedInput","ms":0.007,"nodeId":"in2","attemptNumber":1,"specId":"input","payloadBytes":286,"payloadSizeBucket":"<1kb"}

stdout | src/server/flow-v2/worker-loop.test.ts > processNextRunNode > executes mutually ready nodes in parallel (batch)
{"tag":"workflow_engine_perf","runId":"run_test","phase":"node.streamEmit.node_materialized_input","ms":0.035,"nodeId":"in1","attemptNumber":1,"specId":"input"}
{"tag":"workflow_engine_perf","runId":"run_test","phase":"node.streamEmit.node_materialized_input","ms":0.006,"nodeId":"in2","attemptNumber":1,"specId":"input"}

stdout | src/server/flow-v2/node-worker.test.ts > executeClaimedNode > cancels delay execution through the propagated abort signal
{"tag":"workflow_engine_perf","runId":"run_test","phase":"node.handler.external","ms":20.606,"nodeId":"delay_a","specId":"delay","note":"includes_model_and_external_api"}

stdout | src/server/flow-v2/node-worker.test.ts > executeClaimedNode > cancels delay execution through the propagated abort signal
{"tag":"workflow_engine_perf","runId":"run_test","phase":"serialization.inlinePayload.output","ms":0.001,"nodeId":"delay_a","attemptNumber":1,"specId":"delay"}
{"tag":"workflow_engine_perf","runId":"run_test","phase":"serialization.inlinePayload.error","ms":0.029,"nodeId":"delay_a","attemptNumber":1,"specId":"delay"}

stdout | src/server/flow-v2/node-worker.test.ts > executeClaimedNode > cancels delay execution through the propagated abort signal
{"tag":"workflow_engine_perf","runId":"run_test","phase":"node.persistAttemptResult","ms":0.032,"nodeId":"delay_a","attemptNumber":1,"specId":"delay","outputPayloadBytes":0,"outputPayloadSizeBucket":"empty","errorPayloadBytes":78,"errorPayloadSizeBucket":"<1kb"}

stdout | src/server/flow-v2/node-worker.test.ts > executeClaimedNode > fast-path executes merge nodes while storing compact resolved input
{"tag":"workflow_engine_perf","runId":"run_test","phase":"node.loadRunInput","ms":0.001,"nodeId":"merge_a","attemptNumber":1,"specId":"merge"}

stdout | src/server/flow-v2/node-worker.test.ts > executeClaimedNode > fast-path executes merge nodes while storing compact resolved input
{"tag":"workflow_engine_perf","runId":"run_test","phase":"node.loadUpstreamOutputs","ms":0.002,"nodeId":"merge_a","attemptNumber":1,"specId":"merge","dependencyCount":2}

stdout | src/server/flow-v2/node-worker.test.ts > executeClaimedNode > fast-path executes merge nodes while storing compact resolved input
{"tag":"workflow_engine_perf","runId":"run_test","phase":"node.materializeNodeInput","ms":5.178,"nodeId":"merge_a","attemptNumber":1,"specId":"merge","inputPortCount":2,"bindingCount":2}
{"tag":"workflow_engine_perf","runId":"run_test","phase":"serialization.inlinePayload.input","ms":0.043,"nodeId":"merge_a","attemptNumber":1,"specId":"merge"}

stdout | src/server/flow-v2/node-worker.test.ts > executeClaimedNode > fast-path executes merge nodes while storing compact resolved input
{"tag":"workflow_engine_perf","runId":"run_test","phase":"node.persistAttemptMaterializedInput","ms":0.029,"nodeId":"merge_a","attemptNumber":1,"specId":"merge","payloadBytes":452,"payloadSizeBucket":"<1kb"}

stdout | src/server/flow-v2/node-worker.test.ts > executeClaimedNode > fast-path executes merge nodes while storing compact resolved input
{"tag":"workflow_engine_perf","runId":"run_test","phase":"node.streamEmit.node_materialized_input","ms":0.001,"nodeId":"merge_a","attemptNumber":1,"specId":"merge"}

stdout | src/server/flow-v2/node-worker.test.ts > executeClaimedNode > fast-path executes merge nodes while storing compact resolved input
{"tag":"workflow_engine_perf","runId":"run_test","phase":"node.handler.fast_local","ms":0.085,"nodeId":"merge_a","specId":"merge","canonicalSpecId":"merge","inputPortCount":2,"outputPortCount":1}
{"tag":"workflow_engine_perf","runId":"run_test","phase":"node.executor.resolveRawOutput","ms":0,"nodeId":"merge_a","specId":"merge","canonicalSpecId":"merge","inputPortCount":2,"outputPortCount":1}
{"tag":"workflow_engine_perf","runId":"run_test","phase":"node.executor.buildOutputsByPort","ms":0.001,"nodeId":"merge_a","specId":"merge","canonicalSpecId":"merge","inputPortCount":2,"outputPortCount":1}

stdout | src/server/flow-v2/node-worker.test.ts > executeClaimedNode > fast-path executes merge nodes while storing compact resolved input
{"tag":"workflow_engine_perf","runId":"run_test","phase":"serialization.inlinePayload.output","ms":0.007,"nodeId":"merge_a","attemptNumber":1,"specId":"merge"}
{"tag":"workflow_engine_perf","runId":"run_test","phase":"serialization.inlinePayload.error","ms":0,"nodeId":"merge_a","attemptNumber":1,"specId":"merge"}

stdout | src/server/flow-v2/node-worker.test.ts > executeClaimedNode > fast-path executes merge nodes while storing compact resolved input
{"tag":"workflow_engine_perf","runId":"run_test","phase":"node.persistAttemptResult","ms":0.017,"nodeId":"merge_a","attemptNumber":1,"specId":"merge","outputPayloadBytes":30,"outputPayloadSizeBucket":"<1kb","errorPayloadBytes":0,"errorPayloadSizeBucket":"empty"}

 ✓ src/server/flow-v2/node-worker.test.ts (5 tests) 31ms
stdout | src/server/flow-v2/worker-loop.test.ts > processNextRunNode > executes mutually ready nodes in parallel (batch)
{"tag":"workflow_engine_perf","runId":"run_test","phase":"serialization.inlinePayload.output","ms":0.045,"nodeId":"in1","attemptNumber":1,"specId":"input"}
{"tag":"workflow_engine_perf","runId":"run_test","phase":"serialization.inlinePayload.error","ms":0.001,"nodeId":"in1","attemptNumber":1,"specId":"input"}

stdout | src/server/flow-v2/worker-loop.test.ts > processNextRunNode > executes mutually ready nodes in parallel (batch)
{"tag":"workflow_engine_perf","runId":"run_test","phase":"node.persistAttemptResult","ms":0.062,"nodeId":"in1","attemptNumber":1,"specId":"input","outputPayloadBytes":11,"outputPayloadSizeBucket":"<1kb","errorPayloadBytes":0,"errorPayloadSizeBucket":"empty"}

stdout | src/server/flow-v2/worker-loop.test.ts > processNextRunNode > executes mutually ready nodes in parallel (batch)
{"tag":"workflow_engine_perf","runId":"run_test","phase":"serialization.inlinePayload.output","ms":0.007,"nodeId":"in2","attemptNumber":1,"specId":"input"}
{"tag":"workflow_engine_perf","runId":"run_test","phase":"serialization.inlinePayload.error","ms":0,"nodeId":"in2","attemptNumber":1,"specId":"input"}

stdout | src/server/flow-v2/worker-loop.test.ts > processNextRunNode > executes mutually ready nodes in parallel (batch)
{"tag":"workflow_engine_perf","runId":"run_test","phase":"node.persistAttemptResult","ms":0.02,"nodeId":"in2","attemptNumber":1,"specId":"input","outputPayloadBytes":11,"outputPayloadSizeBucket":"<1kb","errorPayloadBytes":0,"errorPayloadSizeBucket":"empty"}

stdout | src/server/flow-v2/worker-loop.test.ts > processNextRunNode > executes mutually ready nodes in parallel (batch)
{"tag":"workflow_engine_perf","runId":"run_test","phase":"batch.executeNodesParallel_withLease","ms":47.592}

stdout | src/server/flow-v2/worker-loop.test.ts > processNextRunNode > executes mutually ready nodes in parallel (batch)
{"tag":"workflow_engine_perf","runId":"run_test","phase":"batch.sortCompletedWorkTopo","ms":5.615}

stdout | src/server/flow-v2/worker-loop.test.ts > processNextRunNode > executes mutually ready nodes in parallel (batch)
{"tag":"workflow_engine_perf","runId":"run_test","phase":"batch.applyTerminalNodeEffects_all","ms":0.082}

stdout | src/server/flow-v2/worker-loop.test.ts > processNextRunNode > executes mutually ready nodes in parallel (batch)
{"tag":"workflow_engine_perf","runId":"run_test","phase":"batch.listRunNodes_beforeReevaluate","ms":0.003}

stdout | src/server/flow-v2/worker-loop.test.ts > processNextRunNode > executes mutually ready nodes in parallel (batch)
{"tag":"workflow_engine_perf","runId":"run_test","phase":"reevaluate.planTransitions_sync","ms":0.02}

stdout | src/server/flow-v2/worker-loop.test.ts > processNextRunNode > executes mutually ready nodes in parallel (batch)
{"tag":"workflow_engine_perf","runId":"run_test","phase":"reevaluate.db.updateNodeStatuses.ready","ms":0.014}

stdout | src/server/flow-v2/worker-loop.test.ts > processNextRunNode > executes mutually ready nodes in parallel (batch)
{"tag":"workflow_engine_perf","runId":"run_test","phase":"reevaluate.db.appendRunEvents.ready","ms":0.002}

stdout | src/server/flow-v2/worker-loop.test.ts > processNextRunNode > executes mutually ready nodes in parallel (batch)
{"tag":"workflow_engine_perf","runId":"run_test","phase":"reevaluate.db.updateNodeStatuses.blocked","ms":0.003}

stdout | src/server/flow-v2/worker-loop.test.ts > processNextRunNode > executes mutually ready nodes in parallel (batch)
{"tag":"workflow_engine_perf","runId":"run_test","phase":"reevaluate.db.appendRunEvents.blocked","ms":0.002}

stdout | src/server/flow-v2/worker-loop.test.ts > processNextRunNode > executes mutually ready nodes in parallel (batch)
{"tag":"workflow_engine_perf","runId":"run_test","phase":"reevaluate.db.updateNodeStatuses.skipped","ms":0.002}

stdout | src/server/flow-v2/worker-loop.test.ts > processNextRunNode > executes mutually ready nodes in parallel (batch)
{"tag":"workflow_engine_perf","runId":"run_test","phase":"reevaluate.db.appendRunEvents.skipped","ms":0.001}

stdout | src/server/flow-v2/worker-loop.test.ts > processNextRunNode > executes mutually ready nodes in parallel (batch)
{"tag":"workflow_engine_perf","runId":"run_test","phase":"reevaluate.db.updateNodeStatuses.cancelled","ms":0.005}

stdout | src/server/flow-v2/worker-loop.test.ts > processNextRunNode > executes mutually ready nodes in parallel (batch)
{"tag":"workflow_engine_perf","runId":"run_test","phase":"reevaluate.db.appendRunEvents.cancelled","ms":0.001}

stdout | src/server/flow-v2/worker-loop.test.ts > processNextRunNode > executes mutually ready nodes in parallel (batch)
{"tag":"workflow_engine_perf","runId":"run_test","phase":"batch.finalizeRunIfTerminal","ms":0.025}

 ✓ src/server/flow-v2/worker-loop.test.ts (4 tests) 61ms

 Test Files  7 passed (7)
      Tests  30 passed (30)
   Start at  16:19:55
   Duration  519ms (transform 396ms, setup 0ms, collect 881ms, tests 122ms, environment 1ms, prepare 371ms)

